<?xml version="1.0" encoding="UTF-8"?>
<!-- Generated by org.testng.reporters.JUnitXMLReporter -->
<testsuite hostname="Jayarees-MacBook-Pro.local" ignored="0" name="chrome" tests="3" failures="3" timestamp="24 Aug 2020 12:40:27 GMT" time="0.123" errors="0">
  <testcase name="i_am_a_new_user" time="0.09" classname="Stepdef.Successful_voucher_with_top_up">
    <failure type="java.lang.IllegalStateException" message="The driver executable does not exist: /Users/jay/eclipse-workspace/Safari_E2E_Scenarios/C:/Users/Administrator/Desktop/chromedriver.exe">
      <![CDATA[java.lang.IllegalStateException: The driver executable does not exist: /Users/jay/eclipse-workspace/Safari_E2E_Scenarios/C:/Users/Administrator/Desktop/chromedriver.exe
at com.google.common.base.Preconditions.checkState(Preconditions.java:585)
at org.openqa.selenium.remote.service.DriverService.checkExecutable(DriverService.java:147)
at org.openqa.selenium.remote.service.DriverService.findExecutable(DriverService.java:142)
at org.openqa.selenium.chrome.ChromeDriverService.access$000(ChromeDriverService.java:35)
at org.openqa.selenium.chrome.ChromeDriverService$Builder.findDefaultExecutable(ChromeDriverService.java:159)
at org.openqa.selenium.remote.service.DriverService$Builder.build(DriverService.java:363)
at org.openqa.selenium.chrome.ChromeDriverService.createDefaultService(ChromeDriverService.java:94)
at org.openqa.selenium.chrome.ChromeDriver.<init>(ChromeDriver.java:131)
at Stepdef.Successful_voucher_with_top_up.i_am_a_new_user(Successful_voucher_with_top_up.java:27)
... Removed 25 stack frames]]>
    </failure>
  </testcase> <!-- i_am_a_new_user -->
  <testcase name="i_reg_and_add_a_voucher_with_top_up" time="0.001" classname="Stepdef.Successful_voucher_with_top_up">
    <failure type="java.lang.NullPointerException">
      <![CDATA[java.lang.NullPointerException
at Stepdef.Successful_voucher_with_top_up.i_reg_and_add_a_voucher_with_top_up(Successful_voucher_with_top_up.java:39)
... Removed 25 stack frames]]>
    </failure>
  </testcase> <!-- i_reg_and_add_a_voucher_with_top_up -->
  <testcase name="i_get_a_wallet_with_top_up_amount_plus_the_voucher_amount" time="0.001" classname="Stepdef.Successful_voucher_with_top_up">
    <failure type="java.lang.NullPointerException">
      <![CDATA[java.lang.NullPointerException
at Stepdef.Successful_voucher_with_top_up.i_get_a_wallet_with_top_up_amount_plus_the_voucher_amount(Successful_voucher_with_top_up.java:82)
... Removed 25 stack frames]]>
    </failure>
  </testcase> <!-- i_get_a_wallet_with_top_up_amount_plus_the_voucher_amount -->
</testsuite> <!-- chrome -->
